<?xml version="1.0" encoding="UTF-8"?>
<TestRun id="92aaa2d5-d4d5-4f6f-b980-477f6efa2fdc" name="pablo.repetto@GLB5601 2012-04-23 11:26:23" runUser="GLOBANT\pablo.repetto" xmlns="http://microsoft.com/schemas/VisualStudio/TeamTest/2010">
  <TestSettings name="Local" id="47b6a9a3-dddb-4969-8ab9-5b88457a16bc">
    <Description>These are default test settings for a local test run.</Description>
    <Deployment enabled="false" runDeploymentRoot="pablo.repetto_GLB5601 2012-04-23 11_26_23">
      <DeploymentItem filename="C:\Users\pablo.repetto\documents\visual studio 2010\Projects\MvcMusicStore\MvcMusicStore\bin\MvcMusicStore.dll" />
      <DeploymentItem filename="C:\Users\pablo.repetto\documents\visual studio 2010\Projects\MvcMusicStore\packages\EntityFramework.4.1.10331.0\lib\EntityFramework.dll" />
    </Deployment>
    <Execution>
      <TestTypeSpecific />
      <AgentRule name="Execution Agents">
      </AgentRule>
    </Execution>
  </TestSettings>
  <Times creation="2012-04-23T11:26:23.1141783-03:00" queuing="2012-04-23T11:26:24.4896276-03:00" start="2012-04-23T11:26:24.5832278-03:00" finish="2012-04-23T11:26:30.3864380-03:00" />
  <ResultSummary outcome="Failed">
    <Counters total="4" executed="4" error="0" failed="4" timeout="0" aborted="0" inconclusive="0" passedButRunAborted="0" notRunnable="0" notExecuted="0" disconnected="0" warning="0" passed="0" completed="0" inProgress="0" pending="0" />
  </ResultSummary>
  <TestDefinitions>
    <UnitTest name="GenreMenuTest" storage="c:\users\pablo.repetto\documents\visual studio 2010\projects\mvcmusicstore\mvcmusicstore.tests\bin\debug\mvcmusicstore.tests.dll" id="99bdd703-adbb-f5b0-867b-1afece61c875">
      <Execution id="d7d34aa2-dba9-400f-a212-ba974a2b0937" />
      <TestMethod codeBase="C:/Users/pablo.repetto/documents/visual studio 2010/Projects/MvcMusicStore/MvcMusicStore.Tests/bin/Debug/MvcMusicStore.Tests.DLL" adapterTypeName="Microsoft.VisualStudio.TestTools.TestTypes.Unit.UnitTestAdapter, Microsoft.VisualStudio.QualityTools.Tips.UnitTest.Adapter, Version=10.0.0.0, Culture=neutral, PublicKeyToken=b03f5f7f11d50a3a" className="MvcMusicStore.Tests.StoreControllerTest, MvcMusicStore.Tests, Version=1.0.0.0, Culture=neutral, PublicKeyToken=null" name="GenreMenuTest" />
    </UnitTest>
    <UnitTest name="BrowseTest" storage="c:\users\pablo.repetto\documents\visual studio 2010\projects\mvcmusicstore\mvcmusicstore.tests\bin\debug\mvcmusicstore.tests.dll" id="43d9d255-41df-c9eb-3baa-3dc6aa34011b">
      <Execution id="be2fc0ba-93c0-4b4c-ad9e-0c4ca50e2a3c" />
      <TestMethod codeBase="C:/Users/pablo.repetto/documents/visual studio 2010/Projects/MvcMusicStore/MvcMusicStore.Tests/bin/Debug/MvcMusicStore.Tests.DLL" adapterTypeName="Microsoft.VisualStudio.TestTools.TestTypes.Unit.UnitTestAdapter, Microsoft.VisualStudio.QualityTools.Tips.UnitTest.Adapter, Version=10.0.0.0, Culture=neutral, PublicKeyToken=b03f5f7f11d50a3a" className="MvcMusicStore.Tests.StoreControllerTest, MvcMusicStore.Tests, Version=1.0.0.0, Culture=neutral, PublicKeyToken=null" name="BrowseTest" />
    </UnitTest>
    <UnitTest name="DetailsTest" storage="c:\users\pablo.repetto\documents\visual studio 2010\projects\mvcmusicstore\mvcmusicstore.tests\bin\debug\mvcmusicstore.tests.dll" id="ad7db150-2293-3d57-e165-db3ec087b1fb">
      <Execution id="de2b480d-9786-43fb-9de1-a9cd71be8ee1" />
      <TestMethod codeBase="C:/Users/pablo.repetto/documents/visual studio 2010/Projects/MvcMusicStore/MvcMusicStore.Tests/bin/Debug/MvcMusicStore.Tests.DLL" adapterTypeName="Microsoft.VisualStudio.TestTools.TestTypes.Unit.UnitTestAdapter, Microsoft.VisualStudio.QualityTools.Tips.UnitTest.Adapter, Version=10.0.0.0, Culture=neutral, PublicKeyToken=b03f5f7f11d50a3a" className="MvcMusicStore.Tests.StoreControllerTest, MvcMusicStore.Tests, Version=1.0.0.0, Culture=neutral, PublicKeyToken=null" name="DetailsTest" />
    </UnitTest>
    <UnitTest name="IndexTest" storage="c:\users\pablo.repetto\documents\visual studio 2010\projects\mvcmusicstore\mvcmusicstore.tests\bin\debug\mvcmusicstore.tests.dll" id="9194ff35-31cc-f3d9-51b3-cd1cd71d5980">
      <Execution id="22f760fc-a119-44de-8886-a0736739eff4" />
      <TestMethod codeBase="C:/Users/pablo.repetto/documents/visual studio 2010/Projects/MvcMusicStore/MvcMusicStore.Tests/bin/Debug/MvcMusicStore.Tests.DLL" adapterTypeName="Microsoft.VisualStudio.TestTools.TestTypes.Unit.UnitTestAdapter, Microsoft.VisualStudio.QualityTools.Tips.UnitTest.Adapter, Version=10.0.0.0, Culture=neutral, PublicKeyToken=b03f5f7f11d50a3a" className="MvcMusicStore.Tests.StoreControllerTest, MvcMusicStore.Tests, Version=1.0.0.0, Culture=neutral, PublicKeyToken=null" name="IndexTest" />
    </UnitTest>
  </TestDefinitions>
  <TestLists>
    <TestList name="Results Not in a List" id="8c84fa94-04c1-424b-9868-57a2d4851a1d" />
    <TestList name="All Loaded Results" id="19431567-8539-422a-85d7-44ee4e166bda" />
  </TestLists>
  <TestEntries>
    <TestEntry testId="43d9d255-41df-c9eb-3baa-3dc6aa34011b" executionId="be2fc0ba-93c0-4b4c-ad9e-0c4ca50e2a3c" testListId="8c84fa94-04c1-424b-9868-57a2d4851a1d" />
    <TestEntry testId="9194ff35-31cc-f3d9-51b3-cd1cd71d5980" executionId="22f760fc-a119-44de-8886-a0736739eff4" testListId="8c84fa94-04c1-424b-9868-57a2d4851a1d" />
    <TestEntry testId="99bdd703-adbb-f5b0-867b-1afece61c875" executionId="d7d34aa2-dba9-400f-a212-ba974a2b0937" testListId="8c84fa94-04c1-424b-9868-57a2d4851a1d" />
    <TestEntry testId="ad7db150-2293-3d57-e165-db3ec087b1fb" executionId="de2b480d-9786-43fb-9de1-a9cd71be8ee1" testListId="8c84fa94-04c1-424b-9868-57a2d4851a1d" />
  </TestEntries>
  <Results>
    <UnitTestResult executionId="be2fc0ba-93c0-4b4c-ad9e-0c4ca50e2a3c" testId="43d9d255-41df-c9eb-3baa-3dc6aa34011b" testName="BrowseTest" computerName="GLB5601" duration="00:00:03.5850990" startTime="2012-04-23T11:26:24.6768279-03:00" endTime="2012-04-23T11:26:28.5768348-03:00" testType="13cdc9d9-ddb5-4fa4-a97d-d965ccfc6d4b" outcome="Failed" testListId="8c84fa94-04c1-424b-9868-57a2d4851a1d" relativeResultsDirectory="be2fc0ba-93c0-4b4c-ad9e-0c4ca50e2a3c">
      <Output>
        <ErrorInfo>
          <Message>Test method MvcMusicStore.Tests.StoreControllerTest.BrowseTest threw exception: 
System.Data.SqlClient.SqlException: CREATE DATABASE permission denied in database 'master'.</Message>
          <StackTrace>    at System.Data.SqlClient.SqlConnection.OnError(SqlException exception, Boolean breakConnection)
   at System.Data.SqlClient.SqlInternalConnection.OnError(SqlException exception, Boolean breakConnection)
   at System.Data.SqlClient.TdsParser.ThrowExceptionAndWarning()
   at System.Data.SqlClient.TdsParser.Run(RunBehavior runBehavior, SqlCommand cmdHandler, SqlDataReader dataStream, BulkCopySimpleResultSet bulkCopyHandler, TdsParserStateObject stateObj)
   at System.Data.SqlClient.SqlCommand.RunExecuteNonQueryTds(String methodName, Boolean async)
   at System.Data.SqlClient.SqlCommand.InternalExecuteNonQuery(DbAsyncResult result, String methodName, Boolean sendToPipe)
   at System.Data.SqlClient.SqlCommand.ExecuteNonQuery()
   at System.Data.SqlClient.SqlProviderServices.&lt;&gt;c__DisplayClassa.&lt;DbCreateDatabase&gt;b__7(SqlConnection conn)
   at System.Data.SqlClient.SqlProviderServices.UsingConnection(SqlConnection sqlConnection, Action`1 act)
   at System.Data.SqlClient.SqlProviderServices.UsingMasterConnection(SqlConnection sqlConnection, Action`1 act)
   at System.Data.SqlClient.SqlProviderServices.DbCreateDatabase(DbConnection connection, Nullable`1 commandTimeout, StoreItemCollection storeItemCollection)
   at System.Data.Objects.ObjectContext.CreateDatabase()
   at System.Data.Entity.Internal.DatabaseOperations.Create(ObjectContext objectContext)
   at System.Data.Entity.Database.Create()
   at System.Data.Entity.CreateDatabaseIfNotExists`1.InitializeDatabase(TContext context)
   at System.Data.Entity.Internal.InternalContext.&lt;&gt;c__DisplayClass5.&lt;PerformDatabaseInitialization&gt;b__3()
   at System.Data.Entity.Internal.InternalContext.PerformInitializationAction(Action action)
   at System.Data.Entity.Internal.InternalContext.PerformDatabaseInitialization()
   at System.Data.Entity.Internal.LazyInternalContext.&lt;InitializeDatabase&gt;b__4(InternalContext c)
   at System.Data.Entity.Internal.RetryAction`1.PerformAction(TInput input)
   at System.Data.Entity.Internal.LazyInternalContext.InitializeDatabaseAction(Action`1 action)
   at System.Data.Entity.Internal.LazyInternalContext.InitializeDatabase()
   at System.Data.Entity.Internal.InternalContext.GetEntitySetAndBaseTypeForType(Type entityType)
   at System.Data.Entity.Internal.Linq.InternalSet`1.Initialize()
   at System.Data.Entity.Internal.Linq.InternalSet`1.Include(String path)
   at System.Data.Entity.Infrastructure.DbQuery`1.Include(String path)
   at MvcMusicStore.Controllers.StoreController.Browse(String genre) in C:\Users\pablo.repetto\documents\visual studio 2010\Projects\MvcMusicStore\MvcMusicStore\Controllers\StoreController.cs:line 30
   at MvcMusicStore.Tests.StoreControllerTest.BrowseTest() in C:\Users\pablo.repetto\documents\visual studio 2010\Projects\MvcMusicStore\MvcMusicStore.Tests\StoreControllerTest.cs:line 134
</StackTrace>
        </ErrorInfo>
      </Output>
    </UnitTestResult>
    <UnitTestResult executionId="22f760fc-a119-44de-8886-a0736739eff4" testId="9194ff35-31cc-f3d9-51b3-cd1cd71d5980" testName="IndexTest" computerName="GLB5601" duration="00:00:00.0551348" startTime="2012-04-23T11:26:28.5924348-03:00" endTime="2012-04-23T11:26:28.6548349-03:00" testType="13cdc9d9-ddb5-4fa4-a97d-d965ccfc6d4b" outcome="Failed" testListId="8c84fa94-04c1-424b-9868-57a2d4851a1d" relativeResultsDirectory="22f760fc-a119-44de-8886-a0736739eff4">
      <Output>
        <ErrorInfo>
          <Message>Test method MvcMusicStore.Tests.StoreControllerTest.IndexTest threw exception: 
System.Data.SqlClient.SqlException: CREATE DATABASE permission denied in database 'master'.</Message>
          <StackTrace>    at System.Data.SqlClient.SqlConnection.OnError(SqlException exception, Boolean breakConnection)
   at System.Data.SqlClient.SqlInternalConnection.OnError(SqlException exception, Boolean breakConnection)
   at System.Data.SqlClient.TdsParser.ThrowExceptionAndWarning()
   at System.Data.SqlClient.TdsParser.Run(RunBehavior runBehavior, SqlCommand cmdHandler, SqlDataReader dataStream, BulkCopySimpleResultSet bulkCopyHandler, TdsParserStateObject stateObj)
   at System.Data.SqlClient.SqlCommand.RunExecuteNonQueryTds(String methodName, Boolean async)
   at System.Data.SqlClient.SqlCommand.InternalExecuteNonQuery(DbAsyncResult result, String methodName, Boolean sendToPipe)
   at System.Data.SqlClient.SqlCommand.ExecuteNonQuery()
   at System.Data.SqlClient.SqlProviderServices.&lt;&gt;c__DisplayClassa.&lt;DbCreateDatabase&gt;b__7(SqlConnection conn)
   at System.Data.SqlClient.SqlProviderServices.UsingConnection(SqlConnection sqlConnection, Action`1 act)
   at System.Data.SqlClient.SqlProviderServices.UsingMasterConnection(SqlConnection sqlConnection, Action`1 act)
   at System.Data.SqlClient.SqlProviderServices.DbCreateDatabase(DbConnection connection, Nullable`1 commandTimeout, StoreItemCollection storeItemCollection)
   at System.Data.Objects.ObjectContext.CreateDatabase()
   at System.Data.Entity.Internal.DatabaseOperations.Create(ObjectContext objectContext)
   at System.Data.Entity.Database.Create()
   at System.Data.Entity.CreateDatabaseIfNotExists`1.InitializeDatabase(TContext context)
   at System.Data.Entity.Internal.InternalContext.&lt;&gt;c__DisplayClass5.&lt;PerformDatabaseInitialization&gt;b__3()
   at System.Data.Entity.Internal.InternalContext.PerformInitializationAction(Action action)
   at System.Data.Entity.Internal.InternalContext.PerformDatabaseInitialization()
   at System.Data.Entity.Internal.LazyInternalContext.&lt;InitializeDatabase&gt;b__4(InternalContext c)
   at System.Data.Entity.Internal.RetryAction`1.PerformAction(TInput input)
   at System.Data.Entity.Internal.LazyInternalContext.InitializeDatabaseAction(Action`1 action)
   at System.Data.Entity.Internal.LazyInternalContext.InitializeDatabase()
   at System.Data.Entity.Internal.InternalContext.GetEntitySetAndBaseTypeForType(Type entityType)
   at System.Data.Entity.Internal.Linq.InternalSet`1.Initialize()
   at System.Data.Entity.Internal.Linq.InternalSet`1.GetEnumerator()
   at System.Data.Entity.Infrastructure.DbQuery`1.System.Collections.Generic.IEnumerable&lt;TResult&gt;.GetEnumerator()
   at System.Collections.Generic.List`1..ctor(IEnumerable`1 collection)
   at System.Linq.Enumerable.ToList[TSource](IEnumerable`1 source)
   at MvcMusicStore.Controllers.StoreController.Index() in C:\Users\pablo.repetto\documents\visual studio 2010\Projects\MvcMusicStore\MvcMusicStore\Controllers\StoreController.cs:line 19
   at MvcMusicStore.Tests.StoreControllerTest.IndexTest() in C:\Users\pablo.repetto\documents\visual studio 2010\Projects\MvcMusicStore\MvcMusicStore.Tests\StoreControllerTest.cs:line 81
</StackTrace>
        </ErrorInfo>
      </Output>
    </UnitTestResult>
    <UnitTestResult executionId="d7d34aa2-dba9-400f-a212-ba974a2b0937" testId="99bdd703-adbb-f5b0-867b-1afece61c875" testName="GenreMenuTest" computerName="GLB5601" duration="00:00:00.0231574" startTime="2012-04-23T11:26:28.6548349-03:00" endTime="2012-04-23T11:26:28.7016350-03:00" testType="13cdc9d9-ddb5-4fa4-a97d-d965ccfc6d4b" outcome="Failed" testListId="8c84fa94-04c1-424b-9868-57a2d4851a1d" relativeResultsDirectory="d7d34aa2-dba9-400f-a212-ba974a2b0937">
      <Output>
        <ErrorInfo>
          <Message>Test method MvcMusicStore.Tests.StoreControllerTest.GenreMenuTest threw exception: 
System.Data.SqlClient.SqlException: CREATE DATABASE permission denied in database 'master'.</Message>
          <StackTrace>    at System.Data.SqlClient.SqlConnection.OnError(SqlException exception, Boolean breakConnection)
   at System.Data.SqlClient.SqlInternalConnection.OnError(SqlException exception, Boolean breakConnection)
   at System.Data.SqlClient.TdsParser.ThrowExceptionAndWarning()
   at System.Data.SqlClient.TdsParser.Run(RunBehavior runBehavior, SqlCommand cmdHandler, SqlDataReader dataStream, BulkCopySimpleResultSet bulkCopyHandler, TdsParserStateObject stateObj)
   at System.Data.SqlClient.SqlCommand.RunExecuteNonQueryTds(String methodName, Boolean async)
   at System.Data.SqlClient.SqlCommand.InternalExecuteNonQuery(DbAsyncResult result, String methodName, Boolean sendToPipe)
   at System.Data.SqlClient.SqlCommand.ExecuteNonQuery()
   at System.Data.SqlClient.SqlProviderServices.&lt;&gt;c__DisplayClassa.&lt;DbCreateDatabase&gt;b__7(SqlConnection conn)
   at System.Data.SqlClient.SqlProviderServices.UsingConnection(SqlConnection sqlConnection, Action`1 act)
   at System.Data.SqlClient.SqlProviderServices.UsingMasterConnection(SqlConnection sqlConnection, Action`1 act)
   at System.Data.SqlClient.SqlProviderServices.DbCreateDatabase(DbConnection connection, Nullable`1 commandTimeout, StoreItemCollection storeItemCollection)
   at System.Data.Objects.ObjectContext.CreateDatabase()
   at System.Data.Entity.Internal.DatabaseOperations.Create(ObjectContext objectContext)
   at System.Data.Entity.Database.Create()
   at System.Data.Entity.CreateDatabaseIfNotExists`1.InitializeDatabase(TContext context)
   at System.Data.Entity.Internal.InternalContext.&lt;&gt;c__DisplayClass5.&lt;PerformDatabaseInitialization&gt;b__3()
   at System.Data.Entity.Internal.InternalContext.PerformInitializationAction(Action action)
   at System.Data.Entity.Internal.InternalContext.PerformDatabaseInitialization()
   at System.Data.Entity.Internal.LazyInternalContext.&lt;InitializeDatabase&gt;b__4(InternalContext c)
   at System.Data.Entity.Internal.RetryAction`1.PerformAction(TInput input)
   at System.Data.Entity.Internal.LazyInternalContext.InitializeDatabaseAction(Action`1 action)
   at System.Data.Entity.Internal.LazyInternalContext.InitializeDatabase()
   at System.Data.Entity.Internal.InternalContext.GetEntitySetAndBaseTypeForType(Type entityType)
   at System.Data.Entity.Internal.Linq.InternalSet`1.Initialize()
   at System.Data.Entity.Internal.Linq.InternalSet`1.GetEnumerator()
   at System.Data.Entity.Infrastructure.DbQuery`1.System.Collections.Generic.IEnumerable&lt;TResult&gt;.GetEnumerator()
   at System.Collections.Generic.List`1..ctor(IEnumerable`1 collection)
   at System.Linq.Enumerable.ToList[TSource](IEnumerable`1 source)
   at MvcMusicStore.Controllers.StoreController.GenreMenu() in C:\Users\pablo.repetto\documents\visual studio 2010\Projects\MvcMusicStore\MvcMusicStore\Controllers\StoreController.cs:line 51
   at MvcMusicStore.Tests.StoreControllerTest.GenreMenuTest() in C:\Users\pablo.repetto\documents\visual studio 2010\Projects\MvcMusicStore\MvcMusicStore.Tests\StoreControllerTest.cs:line 98
</StackTrace>
        </ErrorInfo>
      </Output>
    </UnitTestResult>
    <UnitTestResult executionId="de2b480d-9786-43fb-9de1-a9cd71be8ee1" testId="ad7db150-2293-3d57-e165-db3ec087b1fb" testName="DetailsTest" computerName="GLB5601" duration="00:00:00.0146582" startTime="2012-04-23T11:26:28.7016350-03:00" endTime="2012-04-23T11:26:28.7328351-03:00" testType="13cdc9d9-ddb5-4fa4-a97d-d965ccfc6d4b" outcome="Failed" testListId="8c84fa94-04c1-424b-9868-57a2d4851a1d" relativeResultsDirectory="de2b480d-9786-43fb-9de1-a9cd71be8ee1">
      <Output>
        <ErrorInfo>
          <Message>Test method MvcMusicStore.Tests.StoreControllerTest.DetailsTest threw exception: 
System.Data.SqlClient.SqlException: CREATE DATABASE permission denied in database 'master'.</Message>
          <StackTrace>    at System.Data.SqlClient.SqlConnection.OnError(SqlException exception, Boolean breakConnection)
   at System.Data.SqlClient.SqlInternalConnection.OnError(SqlException exception, Boolean breakConnection)
   at System.Data.SqlClient.TdsParser.ThrowExceptionAndWarning()
   at System.Data.SqlClient.TdsParser.Run(RunBehavior runBehavior, SqlCommand cmdHandler, SqlDataReader dataStream, BulkCopySimpleResultSet bulkCopyHandler, TdsParserStateObject stateObj)
   at System.Data.SqlClient.SqlCommand.RunExecuteNonQueryTds(String methodName, Boolean async)
   at System.Data.SqlClient.SqlCommand.InternalExecuteNonQuery(DbAsyncResult result, String methodName, Boolean sendToPipe)
   at System.Data.SqlClient.SqlCommand.ExecuteNonQuery()
   at System.Data.SqlClient.SqlProviderServices.&lt;&gt;c__DisplayClassa.&lt;DbCreateDatabase&gt;b__7(SqlConnection conn)
   at System.Data.SqlClient.SqlProviderServices.UsingConnection(SqlConnection sqlConnection, Action`1 act)
   at System.Data.SqlClient.SqlProviderServices.UsingMasterConnection(SqlConnection sqlConnection, Action`1 act)
   at System.Data.SqlClient.SqlProviderServices.DbCreateDatabase(DbConnection connection, Nullable`1 commandTimeout, StoreItemCollection storeItemCollection)
   at System.Data.Objects.ObjectContext.CreateDatabase()
   at System.Data.Entity.Internal.DatabaseOperations.Create(ObjectContext objectContext)
   at System.Data.Entity.Database.Create()
   at System.Data.Entity.CreateDatabaseIfNotExists`1.InitializeDatabase(TContext context)
   at System.Data.Entity.Internal.InternalContext.&lt;&gt;c__DisplayClass5.&lt;PerformDatabaseInitialization&gt;b__3()
   at System.Data.Entity.Internal.InternalContext.PerformInitializationAction(Action action)
   at System.Data.Entity.Internal.InternalContext.PerformDatabaseInitialization()
   at System.Data.Entity.Internal.LazyInternalContext.&lt;InitializeDatabase&gt;b__4(InternalContext c)
   at System.Data.Entity.Internal.RetryAction`1.PerformAction(TInput input)
   at System.Data.Entity.Internal.LazyInternalContext.InitializeDatabaseAction(Action`1 action)
   at System.Data.Entity.Internal.LazyInternalContext.InitializeDatabase()
   at System.Data.Entity.Internal.InternalContext.GetEntitySetAndBaseTypeForType(Type entityType)
   at System.Data.Entity.Internal.Linq.InternalSet`1.Initialize()
   at System.Data.Entity.Internal.Linq.InternalSet`1.get_InternalContext()
   at System.Data.Entity.Internal.Linq.InternalSet`1.Find(Object[] keyValues)
   at System.Data.Entity.DbSet`1.Find(Object[] keyValues)
   at MvcMusicStore.Controllers.StoreController.Details(Int32 id) in C:\Users\pablo.repetto\documents\visual studio 2010\Projects\MvcMusicStore\MvcMusicStore\Controllers\StoreController.cs:line 40
   at MvcMusicStore.Tests.StoreControllerTest.DetailsTest() in C:\Users\pablo.repetto\documents\visual studio 2010\Projects\MvcMusicStore\MvcMusicStore.Tests\StoreControllerTest.cs:line 116
</StackTrace>
        </ErrorInfo>
      </Output>
    </UnitTestResult>
  </Results>
</TestRun>